2016-09-14 01:01:35 Notice: Notice (8): Undefined variable: funcoes in [/Users/fidelis/Sites/PHP-SafeBox/app/src/Controller/UsuariosController.php, line 43]
Request URL: /usuarios/add
Referer URL: http://local.securebox.com/usuarios
Client IP: 127.0.0.1
Trace:
Cake\Error\BaseErrorHandler::handleError() - CORE/src/Error/BaseErrorHandler.php, line 146
App\Controller\usuariosController::add() - APP/Controller/UsuariosController.php, line 43
Cake\Controller\Controller::invokeAction() - CORE/src/Controller/Controller.php, line 429
Cake\Routing\Dispatcher::_invoke() - CORE/src/Routing/Dispatcher.php, line 114
Cake\Routing\Dispatcher::dispatch() - CORE/src/Routing/Dispatcher.php, line 87
[main] - ROOT/webroot/index.php, line 36



2016-09-14 01:29:51 Notice: Notice (8): Undefined variable: _SESSION in [/Users/fidelis/Sites/PHP-SafeBox/app/src/Controller/AppController.php, line 105]
Request URL: /usuarios/edit/5
Referer URL: http://local.securebox.com/usuarios
Client IP: 127.0.0.1
Trace:
Cake\Error\BaseErrorHandler::handleError() - CORE/src/Error/BaseErrorHandler.php, line 146
App\Controller\AppController::validadeAdmin() - APP/Controller/AppController.php, line 105
App\Controller\usuariosController::beforeFilter() - APP/Controller/UsuariosController.php, line 25
Cake\Event\EventManager::_callListener() - CORE/src/Event/EventManager.php, line 386
Cake\Event\EventManager::dispatch() - CORE/src/Event/EventManager.php, line 356
Cake\Controller\Controller::dispatchEvent() - CORE/src/Event/EventDispatcherTrait.php, line 78
Cake\Controller\Controller::startupProcess() - CORE/src/Controller/Controller.php, line 491
Cake\Routing\Dispatcher::_invoke() - CORE/src/Routing/Dispatcher.php, line 109
Cake\Routing\Dispatcher::dispatch() - CORE/src/Routing/Dispatcher.php, line 87
[main] - ROOT/webroot/index.php, line 36



2016-09-14 01:29:53 Notice: Notice (8): Undefined variable: _SESSION in [/Users/fidelis/Sites/PHP-SafeBox/app/src/Controller/AppController.php, line 105]
Request URL: /usuarios/edit/5
Referer URL: http://local.securebox.com/usuarios
Client IP: 127.0.0.1
Trace:
Cake\Error\BaseErrorHandler::handleError() - CORE/src/Error/BaseErrorHandler.php, line 146
App\Controller\AppController::validadeAdmin() - APP/Controller/AppController.php, line 105
App\Controller\usuariosController::beforeFilter() - APP/Controller/UsuariosController.php, line 25
Cake\Event\EventManager::_callListener() - CORE/src/Event/EventManager.php, line 386
Cake\Event\EventManager::dispatch() - CORE/src/Event/EventManager.php, line 356
Cake\Controller\Controller::dispatchEvent() - CORE/src/Event/EventDispatcherTrait.php, line 78
Cake\Controller\Controller::startupProcess() - CORE/src/Controller/Controller.php, line 491
Cake\Routing\Dispatcher::_invoke() - CORE/src/Routing/Dispatcher.php, line 109
Cake\Routing\Dispatcher::dispatch() - CORE/src/Routing/Dispatcher.php, line 87
[main] - ROOT/webroot/index.php, line 36



2016-09-14 01:29:55 Notice: Notice (8): Undefined variable: _SESSION in [/Users/fidelis/Sites/PHP-SafeBox/app/src/Controller/AppController.php, line 105]
Request URL: /usuarios/edit/5
Referer URL: http://local.securebox.com/usuarios
Client IP: 127.0.0.1
Trace:
Cake\Error\BaseErrorHandler::handleError() - CORE/src/Error/BaseErrorHandler.php, line 146
App\Controller\AppController::validadeAdmin() - APP/Controller/AppController.php, line 105
App\Controller\usuariosController::beforeFilter() - APP/Controller/UsuariosController.php, line 25
Cake\Event\EventManager::_callListener() - CORE/src/Event/EventManager.php, line 386
Cake\Event\EventManager::dispatch() - CORE/src/Event/EventManager.php, line 356
Cake\Controller\Controller::dispatchEvent() - CORE/src/Event/EventDispatcherTrait.php, line 78
Cake\Controller\Controller::startupProcess() - CORE/src/Controller/Controller.php, line 491
Cake\Routing\Dispatcher::_invoke() - CORE/src/Routing/Dispatcher.php, line 109
Cake\Routing\Dispatcher::dispatch() - CORE/src/Routing/Dispatcher.php, line 87
[main] - ROOT/webroot/index.php, line 36



2016-09-14 12:23:21 Notice: Notice (8): Undefined index: id_transacao in [/home/matheus/Sites/securebox/app/src/Controller/Components/Transacoes/Validacoes.php, line 22]
Request URL: /transacoes/edit/1
Referer URL: http://localhost:9090/transacoes/edit/1
Client IP: 127.0.0.1
Trace:
Cake\Error\BaseErrorHandler::handleError() - CORE/src/Error/BaseErrorHandler.php, line 146
App\Controller\Components\Transacoes\Validacoes::trataPost() - APP/Controller/Components/Transacoes/Validacoes.php, line 22
App\Controller\TransacoesController::edit() - APP/Controller/TransacoesController.php, line 59
Cake\Controller\Controller::invokeAction() - CORE/src/Controller/Controller.php, line 429
Cake\Routing\Dispatcher::_invoke() - CORE/src/Routing/Dispatcher.php, line 114
Cake\Routing\Dispatcher::dispatch() - CORE/src/Routing/Dispatcher.php, line 87
[main] - ROOT/webroot/index.php, line 37



2016-09-14 12:23:21 Notice: Notice (8): Array to string conversion in [/home/matheus/Sites/securebox/app/src/Controller/Components/Transacoes/Validacoes.php, line 28]
Request URL: /transacoes/edit/1
Referer URL: http://localhost:9090/transacoes/edit/1
Client IP: 127.0.0.1
Trace:
Cake\Error\BaseErrorHandler::handleError() - CORE/src/Error/BaseErrorHandler.php, line 146
App\Controller\Components\Transacoes\Validacoes::trataPost() - APP/Controller/Components/Transacoes/Validacoes.php, line 28
App\Controller\TransacoesController::edit() - APP/Controller/TransacoesController.php, line 59
Cake\Controller\Controller::invokeAction() - CORE/src/Controller/Controller.php, line 429
Cake\Routing\Dispatcher::_invoke() - CORE/src/Routing/Dispatcher.php, line 114
Cake\Routing\Dispatcher::dispatch() - CORE/src/Routing/Dispatcher.php, line 87
[main] - ROOT/webroot/index.php, line 37



2016-09-14 12:23:21 Notice: Notice (8): Array to string conversion in [/home/matheus/Sites/securebox/app/src/Controller/Components/Transacoes/Validacoes.php, line 29]
Request URL: /transacoes/edit/1
Referer URL: http://localhost:9090/transacoes/edit/1
Client IP: 127.0.0.1
Trace:
Cake\Error\BaseErrorHandler::handleError() - CORE/src/Error/BaseErrorHandler.php, line 146
App\Controller\Components\Transacoes\Validacoes::trataPost() - APP/Controller/Components/Transacoes/Validacoes.php, line 29
App\Controller\TransacoesController::edit() - APP/Controller/TransacoesController.php, line 59
Cake\Controller\Controller::invokeAction() - CORE/src/Controller/Controller.php, line 429
Cake\Routing\Dispatcher::_invoke() - CORE/src/Routing/Dispatcher.php, line 114
Cake\Routing\Dispatcher::dispatch() - CORE/src/Routing/Dispatcher.php, line 87
[main] - ROOT/webroot/index.php, line 37



2016-09-14 12:24:06 Notice: Notice (8): Undefined index: id_transacao in [/home/matheus/Sites/securebox/app/src/Controller/Components/Transacoes/Validacoes.php, line 22]
Request URL: /transacoes/edit/1
Referer URL: http://localhost:9090/transacoes/edit/1
Client IP: 127.0.0.1
Trace:
Cake\Error\BaseErrorHandler::handleError() - CORE/src/Error/BaseErrorHandler.php, line 146
App\Controller\Components\Transacoes\Validacoes::trataPost() - APP/Controller/Components/Transacoes/Validacoes.php, line 22
App\Controller\TransacoesController::edit() - APP/Controller/TransacoesController.php, line 59
Cake\Controller\Controller::invokeAction() - CORE/src/Controller/Controller.php, line 429
Cake\Routing\Dispatcher::_invoke() - CORE/src/Routing/Dispatcher.php, line 114
Cake\Routing\Dispatcher::dispatch() - CORE/src/Routing/Dispatcher.php, line 87
[main] - ROOT/webroot/index.php, line 37



2016-09-14 12:24:46 Notice: Notice (8): Undefined index: id_transacao in [/home/matheus/Sites/securebox/app/src/Controller/Components/Transacoes/Validacoes.php, line 22]
Request URL: /transacoes/add
Referer URL: http://localhost:9090/transacoes/add
Client IP: 127.0.0.1
Trace:
Cake\Error\BaseErrorHandler::handleError() - CORE/src/Error/BaseErrorHandler.php, line 146
App\Controller\Components\Transacoes\Validacoes::trataPost() - APP/Controller/Components/Transacoes/Validacoes.php, line 22
App\Controller\TransacoesController::add() - APP/Controller/TransacoesController.php, line 38
Cake\Controller\Controller::invokeAction() - CORE/src/Controller/Controller.php, line 429
Cake\Routing\Dispatcher::_invoke() - CORE/src/Routing/Dispatcher.php, line 114
Cake\Routing\Dispatcher::dispatch() - CORE/src/Routing/Dispatcher.php, line 87
[main] - ROOT/webroot/index.php, line 37



2016-09-14 12:26:35 Notice: Notice (8): Undefined index: id_transacao in [/home/matheus/Sites/securebox/app/src/Controller/Components/Transacoes/Validacoes.php, line 22]
Request URL: /transacoes/edit/1
Referer URL: http://localhost:9090/transacoes/edit/1
Client IP: 127.0.0.1
Trace:
Cake\Error\BaseErrorHandler::handleError() - CORE/src/Error/BaseErrorHandler.php, line 146
App\Controller\Components\Transacoes\Validacoes::trataPost() - APP/Controller/Components/Transacoes/Validacoes.php, line 22
App\Controller\TransacoesController::edit() - APP/Controller/TransacoesController.php, line 59
Cake\Controller\Controller::invokeAction() - CORE/src/Controller/Controller.php, line 429
Cake\Routing\Dispatcher::_invoke() - CORE/src/Routing/Dispatcher.php, line 114
Cake\Routing\Dispatcher::dispatch() - CORE/src/Routing/Dispatcher.php, line 87
[main] - ROOT/webroot/index.php, line 37



2016-09-14 12:41:36 Notice: Notice (8): Undefined index: id_transacao in [/home/matheus/Sites/securebox/app/src/Controller/Components/Transacoes/Validacoes.php, line 22]
Request URL: /transacoes/edit/1
Referer URL: http://localhost:9090/transacoes/edit/1
Client IP: 127.0.0.1
Trace:
Cake\Error\BaseErrorHandler::handleError() - CORE/src/Error/BaseErrorHandler.php, line 146
App\Controller\Components\Transacoes\Validacoes::trataPost() - APP/Controller/Components/Transacoes/Validacoes.php, line 22
App\Controller\TransacoesController::edit() - APP/Controller/TransacoesController.php, line 59
Cake\Controller\Controller::invokeAction() - CORE/src/Controller/Controller.php, line 429
Cake\Routing\Dispatcher::_invoke() - CORE/src/Routing/Dispatcher.php, line 114
Cake\Routing\Dispatcher::dispatch() - CORE/src/Routing/Dispatcher.php, line 87
[main] - ROOT/webroot/index.php, line 37



2016-09-14 12:41:40 Notice: Notice (8): Undefined index: id_transacao in [/home/matheus/Sites/securebox/app/src/Controller/Components/Transacoes/Validacoes.php, line 22]
Request URL: /transacoes/edit/1
Referer URL: http://localhost:9090/transacoes/edit/1
Client IP: 127.0.0.1
Trace:
Cake\Error\BaseErrorHandler::handleError() - CORE/src/Error/BaseErrorHandler.php, line 146
App\Controller\Components\Transacoes\Validacoes::trataPost() - APP/Controller/Components/Transacoes/Validacoes.php, line 22
App\Controller\TransacoesController::edit() - APP/Controller/TransacoesController.php, line 59
Cake\Controller\Controller::invokeAction() - CORE/src/Controller/Controller.php, line 429
Cake\Routing\Dispatcher::_invoke() - CORE/src/Routing/Dispatcher.php, line 114
Cake\Routing\Dispatcher::dispatch() - CORE/src/Routing/Dispatcher.php, line 87
[main] - ROOT/webroot/index.php, line 37



2016-09-14 14:25:40 Notice: Strict (2048): Non-static method App\Controller\Components\CryptoClass::randomKey() should not be called statically in [/home/matheus/Sites/securebox/app/src/Controller/Components/Transacoes/Validacoes.php, line 25]
Request URL: /transacoes/add
Referer URL: http://localhost:9090/transacoes/add
Client IP: 127.0.0.1
Trace:
Cake\Error\BaseErrorHandler::handleError() - CORE/src/Error/BaseErrorHandler.php, line 146
App\Controller\Components\CryptoClass::randomKey() - APP/Controller/Components/Transacoes/Validacoes.php, line 25
App\Controller\Components\Transacoes\Validacoes::trataPost() - APP/Controller/Components/Transacoes/Validacoes.php, line 25
App\Controller\TransacoesController::add() - APP/Controller/TransacoesController.php, line 38
Cake\Controller\Controller::invokeAction() - CORE/src/Controller/Controller.php, line 429
Cake\Routing\Dispatcher::_invoke() - CORE/src/Routing/Dispatcher.php, line 114
Cake\Routing\Dispatcher::dispatch() - CORE/src/Routing/Dispatcher.php, line 87
[main] - ROOT/webroot/index.php, line 37



2016-09-14 14:25:40 Notice: Strict (2048): Non-static method App\Controller\Components\CryptoClass::randomKey() should not be called statically in [/home/matheus/Sites/securebox/app/src/Controller/Components/Transacoes/Validacoes.php, line 26]
Request URL: /transacoes/add
Referer URL: http://localhost:9090/transacoes/add
Client IP: 127.0.0.1
Trace:
Cake\Error\BaseErrorHandler::handleError() - CORE/src/Error/BaseErrorHandler.php, line 146
App\Controller\Components\CryptoClass::randomKey() - APP/Controller/Components/Transacoes/Validacoes.php, line 26
App\Controller\Components\Transacoes\Validacoes::trataPost() - APP/Controller/Components/Transacoes/Validacoes.php, line 26
App\Controller\TransacoesController::add() - APP/Controller/TransacoesController.php, line 38
Cake\Controller\Controller::invokeAction() - CORE/src/Controller/Controller.php, line 429
Cake\Routing\Dispatcher::_invoke() - CORE/src/Routing/Dispatcher.php, line 114
Cake\Routing\Dispatcher::dispatch() - CORE/src/Routing/Dispatcher.php, line 87
[main] - ROOT/webroot/index.php, line 37



2016-09-14 14:28:46 Notice: Strict (2048): Non-static method App\Controller\Components\CryptoClass::randomKey() should not be called statically in [/home/matheus/Sites/securebox/app/src/Controller/Components/Transacoes/Validacoes.php, line 25]
Request URL: /transacoes/add
Referer URL: http://localhost:9090/transacoes/add
Client IP: 127.0.0.1
Trace:
Cake\Error\BaseErrorHandler::handleError() - CORE/src/Error/BaseErrorHandler.php, line 146
App\Controller\Components\CryptoClass::randomKey() - APP/Controller/Components/Transacoes/Validacoes.php, line 25
App\Controller\Components\Transacoes\Validacoes::trataPost() - APP/Controller/Components/Transacoes/Validacoes.php, line 25
App\Controller\TransacoesController::add() - APP/Controller/TransacoesController.php, line 38
Cake\Controller\Controller::invokeAction() - CORE/src/Controller/Controller.php, line 429
Cake\Routing\Dispatcher::_invoke() - CORE/src/Routing/Dispatcher.php, line 114
Cake\Routing\Dispatcher::dispatch() - CORE/src/Routing/Dispatcher.php, line 87
[main] - ROOT/webroot/index.php, line 37



2016-09-14 14:28:46 Notice: Strict (2048): Non-static method App\Controller\Components\CryptoClass::randomKey() should not be called statically in [/home/matheus/Sites/securebox/app/src/Controller/Components/Transacoes/Validacoes.php, line 26]
Request URL: /transacoes/add
Referer URL: http://localhost:9090/transacoes/add
Client IP: 127.0.0.1
Trace:
Cake\Error\BaseErrorHandler::handleError() - CORE/src/Error/BaseErrorHandler.php, line 146
App\Controller\Components\CryptoClass::randomKey() - APP/Controller/Components/Transacoes/Validacoes.php, line 26
App\Controller\Components\Transacoes\Validacoes::trataPost() - APP/Controller/Components/Transacoes/Validacoes.php, line 26
App\Controller\TransacoesController::add() - APP/Controller/TransacoesController.php, line 38
Cake\Controller\Controller::invokeAction() - CORE/src/Controller/Controller.php, line 429
Cake\Routing\Dispatcher::_invoke() - CORE/src/Routing/Dispatcher.php, line 114
Cake\Routing\Dispatcher::dispatch() - CORE/src/Routing/Dispatcher.php, line 87
[main] - ROOT/webroot/index.php, line 37



2016-09-14 14:29:28 Notice: Strict (2048): Non-static method App\Controller\Components\CryptoClass::randomKey() should not be called statically in [/home/matheus/Sites/securebox/app/src/Controller/Components/Transacoes/Validacoes.php, line 25]
Request URL: /transacoes/add
Referer URL: http://localhost:9090/transacoes/add
Client IP: 127.0.0.1
Trace:
Cake\Error\BaseErrorHandler::handleError() - CORE/src/Error/BaseErrorHandler.php, line 146
App\Controller\Components\CryptoClass::randomKey() - APP/Controller/Components/Transacoes/Validacoes.php, line 25
App\Controller\Components\Transacoes\Validacoes::trataPost() - APP/Controller/Components/Transacoes/Validacoes.php, line 25
App\Controller\TransacoesController::add() - APP/Controller/TransacoesController.php, line 38
Cake\Controller\Controller::invokeAction() - CORE/src/Controller/Controller.php, line 429
Cake\Routing\Dispatcher::_invoke() - CORE/src/Routing/Dispatcher.php, line 114
Cake\Routing\Dispatcher::dispatch() - CORE/src/Routing/Dispatcher.php, line 87
[main] - ROOT/webroot/index.php, line 37



2016-09-14 14:29:28 Notice: Strict (2048): Non-static method App\Controller\Components\CryptoClass::randomKey() should not be called statically in [/home/matheus/Sites/securebox/app/src/Controller/Components/Transacoes/Validacoes.php, line 26]
Request URL: /transacoes/add
Referer URL: http://localhost:9090/transacoes/add
Client IP: 127.0.0.1
Trace:
Cake\Error\BaseErrorHandler::handleError() - CORE/src/Error/BaseErrorHandler.php, line 146
App\Controller\Components\CryptoClass::randomKey() - APP/Controller/Components/Transacoes/Validacoes.php, line 26
App\Controller\Components\Transacoes\Validacoes::trataPost() - APP/Controller/Components/Transacoes/Validacoes.php, line 26
App\Controller\TransacoesController::add() - APP/Controller/TransacoesController.php, line 38
Cake\Controller\Controller::invokeAction() - CORE/src/Controller/Controller.php, line 429
Cake\Routing\Dispatcher::_invoke() - CORE/src/Routing/Dispatcher.php, line 114
Cake\Routing\Dispatcher::dispatch() - CORE/src/Routing/Dispatcher.php, line 87
[main] - ROOT/webroot/index.php, line 37



